mode: set
github.com/daynesh/go-producer-api/src/controllers/ping_controller.go:12.42,14.2 1 1
github.com/daynesh/go-producer-api/src/controllers/ping_controller.go:17.48,19.2 1 1
github.com/daynesh/go-producer-api/src/controllers/publisher_controller.go:21.70,23.2 1 0
github.com/daynesh/go-producer-api/src/controllers/publisher_controller.go:26.61,34.60 5 0
github.com/daynesh/go-producer-api/src/controllers/publisher_controller.go:69.2,69.36 1 0
github.com/daynesh/go-producer-api/src/controllers/publisher_controller.go:34.60,39.26 1 0
github.com/daynesh/go-producer-api/src/controllers/publisher_controller.go:43.3,43.17 1 0
github.com/daynesh/go-producer-api/src/controllers/publisher_controller.go:50.3,50.17 1 0
github.com/daynesh/go-producer-api/src/controllers/publisher_controller.go:39.26,41.4 1 0
github.com/daynesh/go-producer-api/src/controllers/publisher_controller.go:43.17,46.4 1 0
github.com/daynesh/go-producer-api/src/controllers/publisher_controller.go:50.17,56.4 1 0
github.com/daynesh/go-producer-api/src/controllers/publisher_controller.go:56.4,59.4 2 0
github.com/daynesh/go-producer-api/src/controllers/publisher_controller.go:60.3,67.3 2 0
github.com/daynesh/go-producer-api/src/publishers/publisher.go:18.63,21.16 2 0
github.com/daynesh/go-producer-api/src/publishers/publisher.go:26.2,31.23 3 0
github.com/daynesh/go-producer-api/src/publishers/publisher.go:21.16,23.3 1 0
github.com/daynesh/go-producer-api/src/publishers/publisher.go:35.41,36.39 1 0
github.com/daynesh/go-producer-api/src/publishers/publisher.go:36.39,38.3 1 0
github.com/daynesh/go-producer-api/src/publishers/publisher.go:42.66,45.16 2 0
github.com/daynesh/go-producer-api/src/publishers/publisher.go:57.2,57.12 1 0
github.com/daynesh/go-producer-api/src/publishers/publisher.go:45.16,55.3 3 0
github.com/daynesh/go-producer-api/src/main.go:12.13,18.16 4 0
github.com/daynesh/go-producer-api/src/main.go:25.2,35.14 6 0
github.com/daynesh/go-producer-api/src/main.go:18.16,22.3 2 0
github.com/daynesh/go-producer-api/src/config/config.go:13.32,19.2 2 0
github.com/daynesh/go-producer-api/src/controllers/ping_controller.go:12.42,14.2 1 0
github.com/daynesh/go-producer-api/src/controllers/ping_controller.go:17.48,19.2 1 0
github.com/daynesh/go-producer-api/src/controllers/publisher_controller.go:21.70,23.2 1 0
github.com/daynesh/go-producer-api/src/controllers/publisher_controller.go:26.61,34.60 5 0
github.com/daynesh/go-producer-api/src/controllers/publisher_controller.go:69.2,69.36 1 0
github.com/daynesh/go-producer-api/src/controllers/publisher_controller.go:34.60,39.26 1 0
github.com/daynesh/go-producer-api/src/controllers/publisher_controller.go:43.3,43.17 1 0
github.com/daynesh/go-producer-api/src/controllers/publisher_controller.go:50.3,50.17 1 0
github.com/daynesh/go-producer-api/src/controllers/publisher_controller.go:39.26,41.4 1 0
github.com/daynesh/go-producer-api/src/controllers/publisher_controller.go:43.17,46.4 1 0
github.com/daynesh/go-producer-api/src/controllers/publisher_controller.go:50.17,56.4 1 0
github.com/daynesh/go-producer-api/src/controllers/publisher_controller.go:56.4,59.4 2 0
github.com/daynesh/go-producer-api/src/controllers/publisher_controller.go:60.3,67.3 2 0
github.com/daynesh/go-producer-api/src/publishers/publisher.go:18.63,21.16 2 0
github.com/daynesh/go-producer-api/src/publishers/publisher.go:26.2,31.23 3 0
github.com/daynesh/go-producer-api/src/publishers/publisher.go:21.16,23.3 1 0
github.com/daynesh/go-producer-api/src/publishers/publisher.go:35.41,36.39 1 0
github.com/daynesh/go-producer-api/src/publishers/publisher.go:36.39,38.3 1 0
github.com/daynesh/go-producer-api/src/publishers/publisher.go:42.66,45.16 2 0
github.com/daynesh/go-producer-api/src/publishers/publisher.go:57.2,57.12 1 0
github.com/daynesh/go-producer-api/src/publishers/publisher.go:45.16,55.3 3 0
github.com/daynesh/go-producer-api/src/main.go:12.13,18.16 4 0
github.com/daynesh/go-producer-api/src/main.go:25.2,35.14 6 0
github.com/daynesh/go-producer-api/src/main.go:18.16,22.3 2 0
github.com/daynesh/go-producer-api/src/config/config.go:13.32,19.2 2 1
github.com/daynesh/go-producer-api/src/controllers/publisher_controller.go:21.70,23.2 1 0
github.com/daynesh/go-producer-api/src/controllers/publisher_controller.go:26.61,34.60 5 0
github.com/daynesh/go-producer-api/src/controllers/publisher_controller.go:69.2,69.36 1 0
github.com/daynesh/go-producer-api/src/controllers/publisher_controller.go:34.60,39.26 1 0
github.com/daynesh/go-producer-api/src/controllers/publisher_controller.go:43.3,43.17 1 0
github.com/daynesh/go-producer-api/src/controllers/publisher_controller.go:50.3,50.17 1 0
github.com/daynesh/go-producer-api/src/controllers/publisher_controller.go:39.26,41.4 1 0
github.com/daynesh/go-producer-api/src/controllers/publisher_controller.go:43.17,46.4 1 0
github.com/daynesh/go-producer-api/src/controllers/publisher_controller.go:50.17,56.4 1 0
github.com/daynesh/go-producer-api/src/controllers/publisher_controller.go:56.4,59.4 2 0
github.com/daynesh/go-producer-api/src/controllers/publisher_controller.go:60.3,67.3 2 0
github.com/daynesh/go-producer-api/src/publishers/publisher.go:18.63,21.16 2 1
github.com/daynesh/go-producer-api/src/publishers/publisher.go:26.2,31.23 3 0
github.com/daynesh/go-producer-api/src/publishers/publisher.go:21.16,23.3 1 1
github.com/daynesh/go-producer-api/src/publishers/publisher.go:35.41,36.39 1 0
github.com/daynesh/go-producer-api/src/publishers/publisher.go:36.39,38.3 1 0
github.com/daynesh/go-producer-api/src/publishers/publisher.go:42.66,45.16 2 0
github.com/daynesh/go-producer-api/src/publishers/publisher.go:57.2,57.12 1 0
github.com/daynesh/go-producer-api/src/publishers/publisher.go:45.16,55.3 3 0
github.com/daynesh/go-producer-api/src/main.go:12.13,18.16 4 0
github.com/daynesh/go-producer-api/src/main.go:25.2,35.14 6 0
github.com/daynesh/go-producer-api/src/main.go:18.16,22.3 2 0
github.com/daynesh/go-producer-api/src/config/config.go:13.32,19.2 2 1
github.com/daynesh/go-producer-api/src/controllers/ping_controller.go:12.42,14.2 1 0
github.com/daynesh/go-producer-api/src/controllers/ping_controller.go:17.48,19.2 1 0
